O:\PROJECTS\DEV\REMOTE RECORDERS\TRUNK\SPECIFIC IMPLEMENTATIONS\PARSERRECORDERS\CHECKPOINTRECORDER\CHECKPOINTRECORDER\DEBUG\.NETFRAMEWORK,VERSION=V4.0.ASSEMBLYATTRIBUTES.OBJ
O:\PROJECTS\DEV\REMOTE RECORDERS\TRUNK\SPECIFIC IMPLEMENTATIONS\PARSERRECORDERS\CHECKPOINTRECORDER\CHECKPOINTRECORDER\DEBUG\APP.RES
O:\PROJECTS\DEV\REMOTE RECORDERS\TRUNK\SPECIFIC IMPLEMENTATIONS\PARSERRECORDERS\CHECKPOINTRECORDER\CHECKPOINTRECORDER\DEBUG\ASSEMBLYINFO.OBJ
O:\PROJECTS\DEV\REMOTE RECORDERS\TRUNK\SPECIFIC IMPLEMENTATIONS\PARSERRECORDERS\CHECKPOINTRECORDER\CHECKPOINTRECORDER\DEBUG\CHECKPOINTRECORDER.OBJ
O:\PROJECTS\DEV\REMOTE RECORDERS\TRUNK\SPECIFIC IMPLEMENTATIONS\PARSERRECORDERS\CHECKPOINTRECORDER\CHECKPOINTRECORDER\DEBUG\CHECKPOINTRECORDER.PCH
O:\Projects\Dev\Remote Recorders\trunk\Specific Implementations\ParserRecorders\CheckPointRecorder\CheckPointRecorder\Debug\CheckPointRecorder.vcxprojResolveAssemblyReference.cache
O:\Projects\Dev\Remote Recorders\trunk\Specific Implementations\ParserRecorders\CheckPointRecorder\CheckPointRecorder\Debug\CheckPointRecorder.write.1.tlog
O:\Projects\Dev\Remote Recorders\trunk\Specific Implementations\ParserRecorders\CheckPointRecorder\CheckPointRecorder\Debug\cl.command.1.tlog
O:\Projects\Dev\Remote Recorders\trunk\Specific Implementations\ParserRecorders\CheckPointRecorder\CheckPointRecorder\Debug\CL.read.1.tlog
O:\Projects\Dev\Remote Recorders\trunk\Specific Implementations\ParserRecorders\CheckPointRecorder\CheckPointRecorder\Debug\CL.write.1.tlog
O:\PROJECTS\DEV\REMOTE RECORDERS\TRUNK\SPECIFIC IMPLEMENTATIONS\PARSERRECORDERS\CHECKPOINTRECORDER\CHECKPOINTRECORDER\DEBUG\LEA2RECFIELD.OBJ
O:\Projects\Dev\Remote Recorders\trunk\Specific Implementations\ParserRecorders\CheckPointRecorder\CheckPointRecorder\Debug\link.5544.read.1.tlog
O:\Projects\Dev\Remote Recorders\trunk\Specific Implementations\ParserRecorders\CheckPointRecorder\CheckPointRecorder\Debug\link.5544.write.1.tlog
O:\Projects\Dev\Remote Recorders\trunk\Specific Implementations\ParserRecorders\CheckPointRecorder\CheckPointRecorder\Debug\link.command.1.tlog
O:\Projects\Dev\Remote Recorders\trunk\Specific Implementations\ParserRecorders\CheckPointRecorder\CheckPointRecorder\Debug\link.read.1.tlog
O:\Projects\Dev\Remote Recorders\trunk\Specific Implementations\ParserRecorders\CheckPointRecorder\CheckPointRecorder\Debug\link.write.1.tlog
O:\Projects\Dev\Remote Recorders\trunk\Specific Implementations\ParserRecorders\CheckPointRecorder\CheckPointRecorder\Debug\rc.command.1.tlog
O:\Projects\Dev\Remote Recorders\trunk\Specific Implementations\ParserRecorders\CheckPointRecorder\CheckPointRecorder\Debug\rc.read.1.tlog
O:\Projects\Dev\Remote Recorders\trunk\Specific Implementations\ParserRecorders\CheckPointRecorder\CheckPointRecorder\Debug\rc.write.1.tlog
O:\PROJECTS\DEV\REMOTE RECORDERS\TRUNK\SPECIFIC IMPLEMENTATIONS\PARSERRECORDERS\CHECKPOINTRECORDER\CHECKPOINTRECORDER\DEBUG\STDAFX.OBJ
O:\PROJECTS\DEV\REMOTE RECORDERS\TRUNK\SPECIFIC IMPLEMENTATIONS\PARSERRECORDERS\CHECKPOINTRECORDER\CHECKPOINTRECORDER\DEBUG\VC100.PDB
O:\Projects\Dev\Remote Recorders\trunk\Specific Implementations\ParserRecorders\CheckPointRecorder\Debug\CustomTools.dll
O:\Projects\Dev\Remote Recorders\trunk\Specific Implementations\ParserRecorders\CheckPointRecorder\Debug\Database.dll
O:\Projects\Dev\Remote Recorders\trunk\Specific Implementations\ParserRecorders\CheckPointRecorder\Debug\MySql.Data.dll
O:\Projects\Dev\Remote Recorders\trunk\Specific Implementations\ParserRecorders\CheckPointRecorder\Debug\Vertica.Data.dll
